root - INFO - Logger instance created
root - INFO - Received working directory CLI input as /home/neutron/Documents/spacestuff/fwhm-research-git/FWHMscripts/fitsfiles/. Placing log there.
root - INFO - Set working directory as /home/neutron/Documents/spacestuff/fwhm-research-git/FWHMscripts/fitsfiles/
root - INFO - Got pixel scale as 7.2000um
root - INFO - Got binning mode as 3
root - INFO - Calculated pixel angRes as 0.6854''/pix
root - INFO - Found vertical params of 0th source to be: amp=32355.526, mu=101.066, sig=7.614, bkg=200.4
root - INFO - Found horizontal params of 0th source to be: amp=37359.348, mu=100.311, sig=-9.902, bkg=17.9
root - INFO - FWHM of 0th source determined to be 14.138
root - INFO - Found vertical params of 0th source to be: amp=32355.526, mu=101.066, sig=7.614, bkg=200.4
root - INFO - Found horizontal params of 0th source to be: amp=37359.348, mu=100.311, sig=-9.902, bkg=17.9
root - INFO - FWHM of 0th source determined to be 14.138
root - INFO - Found vertical params of 0th source to be: amp=32355.526, mu=101.066, sig=7.614, bkg=200.4
root - INFO - Found horizontal params of 0th source to be: amp=37359.348, mu=100.311, sig=-9.902, bkg=17.9
root - INFO - FWHM of 0th source determined to be 14.138
root - INFO - Found vertical params of 1th source to be: amp=-14.589, mu=166.966, sig=49.405, bkg=31.9
root - ERROR - Unable to fit subframe 1. Skipping FWHM Estimate.
root - INFO - Found vertical params of 0th source to be: amp=32355.526, mu=101.066, sig=7.614, bkg=200.4
root - INFO - Found horizontal params of 0th source to be: amp=37359.348, mu=100.311, sig=-9.902, bkg=17.9
root - INFO - FWHM of 0th source determined to be 14.138
root - INFO - Found vertical params of 1th source to be: amp=-14.589, mu=166.966, sig=49.405, bkg=31.9
root - ERROR - Unable to fit subframe 1. Skipping FWHM Estimate.
root - INFO - Found vertical params of 0th source to be: amp=33094.113, mu=101.388, sig=7.583, bkg=191.5
root - INFO - Found horizontal params of 0th source to be: amp=37359.371, mu=99.311, sig=9.902, bkg=17.9
root - INFO - FWHM of 0th source determined to be 14.112
root - INFO - Attempting to start seeingCalc session; ImgHolder Obj
